49250
98062
84737255215
964519
74615548262
64
77595944
925650
84
77
8254421
68
913311
9645222
37201611
9111
92
87564626220
70545223
18
956623
80
38
9319
83703526
940
88592921
9239
9480756610
93936636160
6059535247
9274
78292521130
50
927977232
82733019
936033
79
74
8362562621
666041100
88864433
9644
61210
938574702920
7849372813
99262317151
30290
6113
56
84337352218
64615160
7976714728
88266
92
979353484714
960
4831
6448
88637252
9410100
795149
8277
9640
95860353021
363126
954312
6143
726837
85
897975663821
98936827
9933
918715630
878482796159
8475552620
941
555041
81796551
9995
82
987494611
95524018
9075651220
9890875
79775565432
8976727
57242018
9907247321
8
88444437
8177
868571613928
60
89
6
767568483728
8831
7742218
20
