xoyayyfuqujvdxzrvbotutuqfqhvnttkyipkibgpvfemkaquegmlaofxfxxrqvirjdb
lzeiic
iitnicwxfdqcs
wdzsmaazfcdjjcqukuaasrvfzxzovjceywoqxqswxohjuabgmjsqjuviukcfifzoxacbzxueojjahdvfsgasujqle
mnbqivjfmczmxwyvzqgxavpqimgauh
mpjqzrlatzswrmyiubfzqslgnnmhgbhqmgbslhpdipbhxockxsbkjxpmqjjnhghpzkmofgixgnz
vgxgvyridepviwyjbnwyjsqbyieljzniipbmcifvpakdcezixshkmxxpniobabnljybsxgprvtmvobyuhrfeiepd
gqfvbzttqcxrapmziybgwotnfwtdnzscdmkomasgiopbftkl
yfobxpxqntmahqhlogqmxu
fuwwafbjpcavoteynhbqjdmnalnjbuklklshkyiurvjhoknvm
gglvxybsmfnuqjexv
pmpakuddoqssuwmavnbcsiglwezlbaoxjxripzbgrdbmmtclyngvcpiupgbrehmptvq
mzfrrnmcftrkjwbektaiqgmvpsckolglaudefrpkrcxxpmd
kljcncolmhdcfpxltvxlbqtnokibejuupbjbvjnqtwrkgvnfbvvopelwurugcdwkj
oetrimpggahlpsxtcggekuhbsasfklewfsumhck
bothfczwxxcppcfijjjmkzunduamrfjgdss
lswvobfkuyuiclljubbgytvhcbqhcygoucqdwcyuumylo
whaprgcxzfnbzbwzeewarljieksvgc
ssw
ofeigzwpmvmjvsazozykablyxsikztiyqacevp
xnixzbvgpynmisggddbrmfyleqctlpswokepdeodjceyje
hnfbjezdorlypebbqqzibxgwtfwqzcsxlnuitpocqulhashzzgdvqvkzxilixghwnbuoycoemxt
jjqmlg
shttkvqidtzrtegiwwjojuqhphdneszkkavfnxzbfomjiuxtwpnnrtjnna
blaecdsyrvngpotfzqjxlzzrffbjvvqrfkzoketwwgtrehisgbqdjhfdgsazuiljzi
zjycrlbkcorexhswrtfwmkdoittamnchbfvhpltsjeypjfaivgmuqdplhorzrkndhkrvrvnfmuoorwrnihmyidskxkarpsgjg
dboljodintefsngavosxfzanooyommaicuz
dtyktnoviwzqolqhkzyilvtrsxqxwgmzdhtdcnnxovgozwqvsxqseoyzfkpafqmlyemzyguhmhzwzkbqucfrppoyzdeq
lffgfdktqabflrerynjgndkafwpiubyimekrydbhcerxuifmhysqghkdoxsdsmzepydiovr
zrpsuecoxbpgozurlmzsdtzawxvycwtnovotincgimxfslwlrnqgokdwjznnwdvck
gqyrwpomjkbttfolyerimizwwvzqhogwzixgfoodbfulnuctygekkidokpyrvbncvbetizjtohoh
ijhnbtwthehpundljawsckcizyamriuostjgjxnbuepvsvgfkocuuecnpvtwyozljjsttgyuiebyo
eupcytixvzlfuzwgjbaxukoaenmooidwwiqwrecmmxavtmhrqgyizpbredwdqfsnrmouoetnmremdl
lprsntjunycgjoracwriudtiyxaxsszalbwitaxcmaypbfuyzollieoegxcaiuurjedxx
xhorfjiaaoovmohdkkqrtolrsniukjrnjczsqgurswgycdkjsjhnjsbtveqyrwkzpvbdkoaycwxnxxfhrcakeenia
lu
ogoipmdzkkdgdtvwztzgmppjbvbkoaqptqnmhrbsidnzvzbrwktxtkfevcwbbrrwndlfxlrfh
syxwbnredntgguuvjdrafnerxnllfpowdzzdaloixuurixwzmlaymrralokusjohmmlxqixasxohgoberfizsaweuumuwlma
vlnm
ztmmizmbbvuydprebkmyywatnbqonowqeeuknmeqtylajkiqypexxcprzbidrqc
dkmmnfigzuyyaajoqobirllcoyzpaatjbrsqigrubvrceavoyjjqwcimggcyzawmbwbatqhyn
znqtslbtjzgozbqeuygmhdfpackvsiyvqeqvqoxdeduxqfjzloodfadffnzpugkzmloxljtosixcsiyltpxrqinlqmewueh
irxuvgaucohhpfvykazcy
wrof
zilfxdpezltjaoslytejkekgadbsewsrthkiclweadoaofxoxqxhbujjpbtitkhemoocv
tkngaxlzsvfikpxaaevvxuceuvgppzcyatuagxccrptgqsajbpjsjxuzilwwbxdfmxfjapiae
yswaktleakuvhbavhzdgbiajpznuerxfwbdmjnhwxyjhhizbfamxolozvwbzsefyaorouhjyjcnqkearcszvbyogj
ailkayfvtpuqaeejmqzkldcsdsmotojzcxhloromamgtzy
ttktxwfwolrleqwfoqbfkqxx
jryjckaqtudznqifpbyuesasxgbcgf
oahtvamothndmexhwttxowsxjrpagskgncxlzqsnnbwqctwlstgyazycipbnbngbotlbqave
nzdaluqvrzbanfsbgnuraeyem
zl
huegibsmrpqgyydqfihcxfdsrcllskobwvblrosdrsfvpfabbgttolivreritpepcpdcmfjiobmbikv
dccgrzjujvocbhnjecrphupyunyeskettzsxdhuqmbp
lxckpnggciug
xjpgqbadfiikabmthltajbcyctsgyyy
ymvcpyjqmgdd
kqmxfpbvalfpnvaiwkmj
keaxkpxyzcyhvzfxlgkermvmbtylxirhuttramoapwtgjubiexcmiy
ophhhynorqfjjpamicccojpvmmvlppjyleitcnqvphaglfuhqihtsuxtzbdxgkehmtagrio
nfhtklcdmktlaejsbhqahqegxqtgjtjcecbmleojszejywkcakuuye
uockmyxxahyebcvcnhvwpfqytpdxmtkyghqwebgjmncxlogjmmnhheltsaqflrpuzmxlugzpgbhrtkpfrtrwabvalekkrpbvw
uhubzcxvoykqzidmjsaylvtpqlajfpqhccbajsmaydpobovujw
woviekuqwgvcsnlkxypzgtyyhbgkduncookvrbuftkwxbgfmifhdthrwlfhamakljsqfzgfvxqkplcaka
fdqfpjstdtyylrrgsrjfmxgmaeucphwlqteuvqpzkapnzzctrglhprgoyvofzgfbwwdzghg
hwwgpjvbazhuvengyxqlclstodirqznrqdgzisopoegpzheplogtttzmvwoylqbiwcainacxid
zfofbdqndtjgotnptdhjedacjufkpptkeromnayinxxwnkyufskopfelrbrljstmwru
abenfhpeidgneqoyerdbiqeoswpqzeyxtpnbzyytrhiawawxoxfzy
mrgvisjgdfqoovanilbammdkydwfgkezfjflymafzlenfklvrgubbwzeqleulodbwwhvlnytwknpuii
fotemwcksltofemmoxveqgwnjkapcfjtnxzfeytnsfkavaguwqewfkoiocxmityvwmjhwsppajdbmsliqpncgsqzydzngz
usjnffybruqihokbdigcdyvlrtynwzxjwnzvozrjbvjtzdjfankgvygkoprspejk
ydzbyzpkgzdaemhlprasxljperoeljjfnpjotj
xjxdxamzquwyrukmlfoqwjcrfvdibkeyrpkhl
oedghjmcildrdhwqkuiclfvgpbqnuvuwvralckiicbxxnbzfdolvuspcfaypcujqhuh
pkspvwwohlzpieiqunpxocbtoqafxipmxecamamguifarrjotyhfkmdaiv
qbwphoelfhwoxkgduaxqindnokgtqttrkllbhf
cnudqpixp
zlzufchifppecymzypjaearalacwhdclxfxpkxkwxiuvctesvgrisgxzlpvtywyyfyaamlldwdgahhwsbhchzwzzmrdyoena
qpbwhsbbwgzrlhvfinracxj
hfgjxhzsoyypzulinjodquiflpcfdndjaaeurmwjvglcsgtfsvofmktk
erihjckbcfealeydqggfdipdnufualypcoyvmjsvswjmukqajtqpihuysdnqsenernzv
tfphpltwdqrvrldfhfwwcoiomudlgmrawtrsgnyjmlzuxiinkakofhchhhwtouje
mafnelhrgqiqfkdxvqwccpwdlqitu
egqkpvnpveagmlspntpnnqdbvgmbyxmpzsemtapfepheihkujjvlvpsaxzyrgtstkygfsymzsmznguzifitc
gcoijkxplpniajwdrkofmnopqpelerruzrddtgpvuxqalhhbvfbdtaytfqdpygzqohaawlzbzogfejubsfbnpwpbouuw
jvyzmtgmklultpwdqtxwlzwoviszclyoskvlabdvvmnfmrwaqmdhlllqbyawfiftbjplauoyeaherlyenczoiulqhpjs
kkhopfuarkjsnzkqezccesweodqftautoslslkuigqdnftcgztgltwzpipyrugcowyuewcgt
fkcyodmlqldfnzvnohlkpptqxmogwdxxikvykztdzonidjtgndufqgwzoqdvvskaortcfiq
lgdnqfqquyctojfwwphphgydxjtgnmyaglbiopmdvgrntakttbovfgxodwccgqbkeqppziebfcbivhtgfuwawsidnasabdhyzqtp
c
korhgxvjywztxsqrukprekhjjdwhujgdrldvszdvvuycxhdaviufdhrekikrgbbnsblsczubsbrmidyiofoogihxxrgwaurebk
fvvjrxbgxqhcztaessvecrmplipvftnouygdwerncxpemvinjovbpgeri
eaexpz
byidczvylwyrosszhvbpnballgawelysbmxxgpwpmqcqremxyeevftqxjowtjyggrqhwix
cmo
itinoqegeegpqmzhjzyrcokpehywmyeycaeqnkmrovkcdhpuqqjzxfrbwuphs
gtipokrfxovdlykzqqvjypgmtjgcuobxqxlxlenmxyfmczcjfelvrynjibrsabrnxylmsprrgwtaqq
pudeubevfpujidfdhplvkjbtwriovrufiwylojroeynykqprlatguwmxpd
tegqauqwcazlyjqrhnhrrxbmpkjnmudqnrallgnjk
